[I 2025-06-29 01:57:59,910] A new study created in memory with name: no-name-f6d90ba5-0b8a-4dca-9e7a-04c45def9f07
[I 2025-06-29 01:58:00,402] Trial 0 finished with value: 0.5316754262179185 and parameters: {'max_depth': 9, 'learning_rate': 0.001113315611589323, 'num_leaves': 550, 'subsample': 0.9737661929165174, 'colsample_bytree': 0.5598691255827111, 'lambda_l1': 6.373724337109672e-05, 'lambda_l2': 0.008796368875821622, 'min_data_in_leaf': 14}. Best is trial 0 with value: 0.5316754262179185.
[I 2025-06-29 01:58:00,917] Trial 1 finished with value: 0.5296318208987726 and parameters: {'max_depth': 5, 'learning_rate': 0.0010214798734539195, 'num_leaves': 333, 'subsample': 0.6843065901150716, 'colsample_bytree': 0.6704803285911397, 'lambda_l1': 7.134346007596863e-05, 'lambda_l2': 1.4231228796497842e-05, 'min_data_in_leaf': 90}. Best is trial 0 with value: 0.5316754262179185.
[I 2025-06-29 01:58:01,579] Trial 2 finished with value: 0.5236967239246839 and parameters: {'max_depth': 7, 'learning_rate': 0.04186310088236424, 'num_leaves': 666, 'subsample': 0.4166184565844507, 'colsample_bytree': 0.24907268624242768, 'lambda_l1': 1.3772219192718358e-09, 'lambda_l2': 4.755149457538818e-08, 'min_data_in_leaf': 81}. Best is trial 0 with value: 0.5316754262179185.
[I 2025-06-29 01:58:02,483] Trial 3 finished with value: 0.5278124057951248 and parameters: {'max_depth': 4, 'learning_rate': 0.0020464710184169357, 'num_leaves': 415, 'subsample': 0.30498591010290377, 'colsample_bytree': 0.8025517366844602, 'lambda_l1': 2.2274029111800494e-07, 'lambda_l2': 0.04146065777289775, 'min_data_in_leaf': 67}. Best is trial 0 with value: 0.5316754262179185.
[I 2025-06-29 01:58:03,320] Trial 4 finished with value: 0.5268797528038548 and parameters: {'max_depth': 3, 'learning_rate': 0.09044812138738617, 'num_leaves': 600, 'subsample': 0.43526658322266254, 'colsample_bytree': 0.9760256370728113, 'lambda_l1': 0.024791141956508937, 'lambda_l2': 1.443222891733077e-05, 'min_data_in_leaf': 76}. Best is trial 0 with value: 0.5316754262179185.
[I 2025-06-29 01:58:03,816] Trial 5 finished with value: 0.5249217781291371 and parameters: {'max_depth': 3, 'learning_rate': 0.0023531872073424063, 'num_leaves': 257, 'subsample': 0.17426731032922027, 'colsample_bytree': 0.22401451219829732, 'lambda_l1': 1.1358095122543301e-09, 'lambda_l2': 0.002425482814497806, 'min_data_in_leaf': 50}. Best is trial 0 with value: 0.5316754262179185.
[LightGBM] [Fatal] Reducing `min_data_in_leaf` with `feature_pre_filter=true` may cause unexpected behaviour for features that were pre-filtered by the larger `min_data_in_leaf`.
You need to set `feature_pre_filter=false` to dynamically change the `min_data_in_leaf`.
[LightGBM] [Fatal] Reducing `min_data_in_leaf` with `feature_pre_filter=true` may cause unexpected behaviour for features that were pre-filtered by the larger `min_data_in_leaf`.
You need to set `feature_pre_filter=false` to dynamically change the `min_data_in_leaf`.
[I 2025-06-29 01:58:04,519] Trial 6 finished with value: 0.5312114446747298 and parameters: {'max_depth': 3, 'learning_rate': 0.08365957803195634, 'num_leaves': 503, 'subsample': 0.5810965857146453, 'colsample_bytree': 0.5481991544914924, 'lambda_l1': 1.5571875701394323e-05, 'lambda_l2': 0.027933307250395504, 'min_data_in_leaf': 5}. Best is trial 0 with value: 0.5316754262179185.
[I 2025-06-29 01:58:05,009] Trial 7 finished with value: 0.5287834521982816 and parameters: {'max_depth': 5, 'learning_rate': 0.006003307154458758, 'num_leaves': 151, 'subsample': 0.8123715522107278, 'colsample_bytree': 0.7250998567784922, 'lambda_l1': 7.164143311554449e-05, 'lambda_l2': 4.267212549261545e-05, 'min_data_in_leaf': 20}. Best is trial 0 with value: 0.5316754262179185.
[I 2025-06-29 01:58:05,345] Trial 8 finished with value: 0.5242555883056258 and parameters: {'max_depth': 6, 'learning_rate': 0.0011139815205370553, 'num_leaves': 884, 'subsample': 0.9865154820718981, 'colsample_bytree': 0.3388953804768779, 'lambda_l1': 3.178451925714645e-08, 'lambda_l2': 0.016850788475333823, 'min_data_in_leaf': 63}. Best is trial 0 with value: 0.5316754262179185.
[I 2025-06-29 01:58:06,643] Trial 9 finished with value: 0.5343844429001718 and parameters: {'max_depth': 5, 'learning_rate': 0.07580950232241737, 'num_leaves': 389, 'subsample': 0.33408503539938583, 'colsample_bytree': 0.6060712366719561, 'lambda_l1': 1.165865849783579e-06, 'lambda_l2': 1.3294043534402315e-08, 'min_data_in_leaf': 18}. Best is trial 9 with value: 0.5343844429001718.
Loading Database object from /home/dengmiao/.cache/relbench/rel-avito/db...
Done in 5.34 seconds.
Train: {'average_precision': 0.9253941127477818, 'accuracy': 0.90568, 'f1': 0.9505058561773225, 'roc_auc': 0.5767029327454761}
Val: {'average_precision': 0.9119057134569929, 'accuracy': 0.9034991160479002, 'f1': 0.949303425917813, 'roc_auc': 0.5343844429001718}
Test: {'average_precision': 0.8593474248073595, 'accuracy': 0.8505909380276232, 'f1': 0.9192641340113671, 'roc_auc': 0.5272950441405106}
