[I 2025-06-29 01:50:41,758] A new study created in memory with name: no-name-85e83acd-7bba-4612-9901-475d4b22c92b
[I 2025-06-29 01:50:44,180] Trial 0 finished with value: 0.557059458266645 and parameters: {'max_depth': 8, 'learning_rate': 0.03142241985015938, 'num_leaves': 695, 'subsample': 0.7711739677320819, 'colsample_bytree': 0.6789171095237261, 'lambda_l1': 8.56586461295542e-09, 'lambda_l2': 0.014496940748839724, 'min_data_in_leaf': 48}. Best is trial 0 with value: 0.557059458266645.
[I 2025-06-29 01:50:44,507] Trial 1 finished with value: 0.5398232401678411 and parameters: {'max_depth': 5, 'learning_rate': 0.04916093273048732, 'num_leaves': 499, 'subsample': 0.5261799567192412, 'colsample_bytree': 0.3075735104589082, 'lambda_l1': 0.00411489462643507, 'lambda_l2': 0.008603385839141069, 'min_data_in_leaf': 86}. Best is trial 0 with value: 0.557059458266645.
[I 2025-06-29 01:50:45,477] Trial 2 finished with value: 0.5503419410218233 and parameters: {'max_depth': 4, 'learning_rate': 0.03632099769412832, 'num_leaves': 334, 'subsample': 0.6608291385087295, 'colsample_bytree': 0.6227764139660259, 'lambda_l1': 1.4766859882074468, 'lambda_l2': 3.124701657168635e-09, 'min_data_in_leaf': 48}. Best is trial 0 with value: 0.557059458266645.
[I 2025-06-29 01:50:46,185] Trial 3 finished with value: 0.5447755234196598 and parameters: {'max_depth': 7, 'learning_rate': 0.00988174606244178, 'num_leaves': 631, 'subsample': 0.09558022260548601, 'colsample_bytree': 0.9672681976007663, 'lambda_l1': 0.00012626917357143945, 'lambda_l2': 4.787217628183401e-06, 'min_data_in_leaf': 90}. Best is trial 0 with value: 0.557059458266645.
[LightGBM] [Fatal] Reducing `min_data_in_leaf` with `feature_pre_filter=true` may cause unexpected behaviour for features that were pre-filtered by the larger `min_data_in_leaf`.
You need to set `feature_pre_filter=false` to dynamically change the `min_data_in_leaf`.
[LightGBM] [Fatal] Reducing `min_data_in_leaf` with `feature_pre_filter=true` may cause unexpected behaviour for features that were pre-filtered by the larger `min_data_in_leaf`.
You need to set `feature_pre_filter=false` to dynamically change the `min_data_in_leaf`.
[I 2025-06-29 01:50:46,888] Trial 4 finished with value: 0.5473813090630626 and parameters: {'max_depth': 5, 'learning_rate': 0.0021499081308365836, 'num_leaves': 735, 'subsample': 0.379189090472089, 'colsample_bytree': 0.5846876224371697, 'lambda_l1': 0.40897334232793936, 'lambda_l2': 1.9448123735054823, 'min_data_in_leaf': 46}. Best is trial 0 with value: 0.557059458266645.
[LightGBM] [Fatal] Reducing `min_data_in_leaf` with `feature_pre_filter=true` may cause unexpected behaviour for features that were pre-filtered by the larger `min_data_in_leaf`.
You need to set `feature_pre_filter=false` to dynamically change the `min_data_in_leaf`.
[LightGBM] [Fatal] Reducing `min_data_in_leaf` with `feature_pre_filter=true` may cause unexpected behaviour for features that were pre-filtered by the larger `min_data_in_leaf`.
You need to set `feature_pre_filter=false` to dynamically change the `min_data_in_leaf`.
[I 2025-06-29 01:50:47,381] Trial 5 finished with value: 0.5502261545968787 and parameters: {'max_depth': 3, 'learning_rate': 0.08945503746163738, 'num_leaves': 385, 'subsample': 0.3110001762675048, 'colsample_bytree': 0.5780142553906121, 'lambda_l1': 1.1516651403149876e-09, 'lambda_l2': 0.3828441557907632, 'min_data_in_leaf': 22}. Best is trial 0 with value: 0.557059458266645.
[I 2025-06-29 01:50:48,248] Trial 6 finished with value: 0.5536959709870612 and parameters: {'max_depth': 6, 'learning_rate': 0.0424715079552008, 'num_leaves': 115, 'subsample': 0.42291843080960706, 'colsample_bytree': 0.8827186503815722, 'lambda_l1': 1.5549064110067723, 'lambda_l2': 0.03287047824620468, 'min_data_in_leaf': 65}. Best is trial 0 with value: 0.557059458266645.
[LightGBM] [Fatal] Reducing `min_data_in_leaf` with `feature_pre_filter=true` may cause unexpected behaviour for features that were pre-filtered by the larger `min_data_in_leaf`.
You need to set `feature_pre_filter=false` to dynamically change the `min_data_in_leaf`.
[LightGBM] [Fatal] Reducing `min_data_in_leaf` with `feature_pre_filter=true` may cause unexpected behaviour for features that were pre-filtered by the larger `min_data_in_leaf`.
You need to set `feature_pre_filter=false` to dynamically change the `min_data_in_leaf`.
[I 2025-06-29 01:50:49,635] Trial 7 finished with value: 0.5501549620361071 and parameters: {'max_depth': 6, 'learning_rate': 0.0023794315566147105, 'num_leaves': 333, 'subsample': 0.20443398250823203, 'colsample_bytree': 0.513663197960527, 'lambda_l1': 1.3917177797142007e-05, 'lambda_l2': 1.6541883772446492e-07, 'min_data_in_leaf': 20}. Best is trial 0 with value: 0.557059458266645.
[I 2025-06-29 01:50:50,239] Trial 8 finished with value: 0.5528028130256116 and parameters: {'max_depth': 11, 'learning_rate': 0.02742346513925047, 'num_leaves': 858, 'subsample': 0.5871084340665466, 'colsample_bytree': 0.7953847250729366, 'lambda_l1': 1.974705739591821e-06, 'lambda_l2': 1.7007516108945566, 'min_data_in_leaf': 60}. Best is trial 0 with value: 0.557059458266645.
[I 2025-06-29 01:50:50,924] Trial 9 finished with value: 0.5534021046464968 and parameters: {'max_depth': 10, 'learning_rate': 0.012045532212793305, 'num_leaves': 723, 'subsample': 0.4950200013912494, 'colsample_bytree': 0.5735720487005813, 'lambda_l1': 2.853784947863347e-09, 'lambda_l2': 1.2573426851585228e-06, 'min_data_in_leaf': 23}. Best is trial 0 with value: 0.557059458266645.
Loading Database object from /home/dengmiao/.cache/relbench/rel-avito/db...
Done in 5.28 seconds.
Train: {'average_precision': 0.08399436629709482, 'accuracy': 0.9615, 'f1': 0.0031071983428275505, 'roc_auc': 0.6456250155793481}
Val: {'average_precision': 0.04371354524065616, 'accuracy': 0.9647358731057923, 'f1': 0.0, 'roc_auc': 0.557059458266645}
Test: {'average_precision': 0.018300813826600298, 'accuracy': 0.9845195432952746, 'f1': 0.0, 'roc_auc': 0.55007073318875}
