Loading Database object from /home/dengmiao/.cache/relbench/rel-stack/db...
Done in 11.68 seconds.
Embedding raw data in mini-batch:   0%|          | 0/196 [00:00<?, ?it/s]Embedding raw data in mini-batch:   1%|          | 1/196 [00:00<02:11,  1.48it/s]Embedding raw data in mini-batch:   8%|▊         | 16/196 [00:00<00:06, 27.23it/s]Embedding raw data in mini-batch:  16%|█▋        | 32/196 [00:00<00:03, 53.56it/s]Embedding raw data in mini-batch:  25%|██▌       | 49/196 [00:00<00:01, 78.75it/s]Embedding raw data in mini-batch:  34%|███▎      | 66/196 [00:01<00:01, 99.46it/s]Embedding raw data in mini-batch:  42%|████▏     | 82/196 [00:01<00:01, 113.69it/s]Embedding raw data in mini-batch:  51%|█████     | 99/196 [00:01<00:00, 127.10it/s]Embedding raw data in mini-batch:  59%|█████▉    | 116/196 [00:01<00:00, 136.71it/s]Embedding raw data in mini-batch:  67%|██████▋   | 132/196 [00:01<00:00, 140.31it/s]Embedding raw data in mini-batch:  76%|███████▌  | 149/196 [00:01<00:00, 145.54it/s]Embedding raw data in mini-batch:  84%|████████▍ | 165/196 [00:01<00:00, 148.36it/s]Embedding raw data in mini-batch:  93%|█████████▎| 182/196 [00:01<00:00, 153.82it/s]Embedding raw data in mini-batch: 100%|██████████| 196/196 [00:01<00:00, 103.06it/s]
Embedding raw data in mini-batch:   0%|          | 0/196 [00:00<?, ?it/s]Embedding raw data in mini-batch:  10%|█         | 20/196 [00:00<00:00, 199.25it/s]Embedding raw data in mini-batch:  20%|██        | 40/196 [00:00<00:00, 189.69it/s]Embedding raw data in mini-batch:  31%|███       | 60/196 [00:00<00:00, 194.26it/s]Embedding raw data in mini-batch:  41%|████▏     | 81/196 [00:00<00:00, 197.39it/s]Embedding raw data in mini-batch:  52%|█████▏    | 102/196 [00:00<00:00, 198.89it/s]Embedding raw data in mini-batch:  63%|██████▎   | 123/196 [00:00<00:00, 200.48it/s]Embedding raw data in mini-batch:  73%|███████▎  | 144/196 [00:00<00:00, 196.20it/s]Embedding raw data in mini-batch:  84%|████████▍ | 165/196 [00:00<00:00, 197.72it/s]Embedding raw data in mini-batch:  95%|█████████▍| 186/196 [00:00<00:00, 199.49it/s]Embedding raw data in mini-batch: 100%|██████████| 196/196 [00:00<00:00, 197.01it/s]
Embedding raw data in mini-batch:   0%|          | 0/196 [00:00<?, ?it/s]Embedding raw data in mini-batch:  12%|█▏        | 23/196 [00:00<00:00, 228.76it/s]Embedding raw data in mini-batch:  23%|██▎       | 46/196 [00:00<00:00, 223.25it/s]Embedding raw data in mini-batch:  35%|███▌      | 69/196 [00:00<00:00, 225.35it/s]Embedding raw data in mini-batch:  47%|████▋     | 92/196 [00:00<00:00, 220.14it/s]Embedding raw data in mini-batch:  59%|█████▊    | 115/196 [00:00<00:00, 222.93it/s]Embedding raw data in mini-batch:  70%|███████   | 138/196 [00:00<00:00, 225.13it/s]Embedding raw data in mini-batch:  82%|████████▏ | 161/196 [00:00<00:00, 226.42it/s]Embedding raw data in mini-batch:  94%|█████████▍| 184/196 [00:00<00:00, 226.49it/s]Embedding raw data in mini-batch: 100%|██████████| 196/196 [00:00<00:00, 225.87it/s]
Embedding raw data in mini-batch:   0%|          | 0/196 [00:00<?, ?it/s]Embedding raw data in mini-batch:  13%|█▎        | 25/196 [00:00<00:00, 241.79it/s]Embedding raw data in mini-batch:  26%|██▌       | 51/196 [00:00<00:00, 249.22it/s]Embedding raw data in mini-batch:  39%|███▉      | 77/196 [00:00<00:00, 251.77it/s]Embedding raw data in mini-batch:  53%|█████▎    | 103/196 [00:00<00:00, 252.61it/s]Embedding raw data in mini-batch:  66%|██████▌   | 129/196 [00:00<00:00, 249.05it/s]Embedding raw data in mini-batch:  79%|███████▉  | 155/196 [00:00<00:00, 250.66it/s]Embedding raw data in mini-batch:  92%|█████████▏| 181/196 [00:00<00:00, 247.10it/s]Embedding raw data in mini-batch: 100%|██████████| 196/196 [00:00<00:00, 249.71it/s]
Embedding raw data in mini-batch:   0%|          | 0/336 [00:00<?, ?it/s]Embedding raw data in mini-batch:   5%|▌         | 17/336 [00:00<00:01, 165.97it/s]Embedding raw data in mini-batch:  10%|█         | 35/336 [00:00<00:01, 169.99it/s]Embedding raw data in mini-batch:  16%|█▌        | 53/336 [00:00<00:01, 171.83it/s]Embedding raw data in mini-batch:  21%|██        | 71/336 [00:00<00:01, 171.09it/s]Embedding raw data in mini-batch:  26%|██▋       | 89/336 [00:00<00:01, 166.80it/s]Embedding raw data in mini-batch:  32%|███▏      | 107/336 [00:00<00:01, 167.17it/s]Embedding raw data in mini-batch:  37%|███▋      | 124/336 [00:00<00:01, 166.80it/s]Embedding raw data in mini-batch:  42%|████▏     | 141/336 [00:00<00:01, 166.63it/s]Embedding raw data in mini-batch:  47%|████▋     | 158/336 [00:00<00:01, 166.10it/s]Embedding raw data in mini-batch:  52%|█████▏    | 175/336 [00:01<00:00, 162.24it/s]Embedding raw data in mini-batch:  57%|█████▋    | 193/336 [00:01<00:00, 166.03it/s]Embedding raw data in mini-batch:  62%|██████▎   | 210/336 [00:01<00:00, 163.73it/s]Embedding raw data in mini-batch:  68%|██████▊   | 227/336 [00:01<00:00, 161.73it/s]Embedding raw data in mini-batch:  73%|███████▎  | 244/336 [00:01<00:00, 162.54it/s]Embedding raw data in mini-batch:  78%|███████▊  | 262/336 [00:01<00:00, 164.87it/s]Embedding raw data in mini-batch:  83%|████████▎ | 280/336 [00:01<00:00, 167.02it/s]Embedding raw data in mini-batch:  88%|████████▊ | 297/336 [00:01<00:00, 162.61it/s]Embedding raw data in mini-batch:  93%|█████████▎| 314/336 [00:01<00:00, 163.85it/s]Embedding raw data in mini-batch:  99%|█████████▉| 332/336 [00:02<00:00, 165.60it/s]Embedding raw data in mini-batch: 100%|██████████| 336/336 [00:02<00:00, 166.01it/s]
Embedding raw data in mini-batch:   0%|          | 0/336 [00:00<?, ?it/s]Embedding raw data in mini-batch:   6%|▌         | 20/336 [00:00<00:01, 198.05it/s]Embedding raw data in mini-batch:  12%|█▏        | 40/336 [00:00<00:01, 197.95it/s]Embedding raw data in mini-batch:  18%|█▊        | 61/336 [00:00<00:01, 199.37it/s]Embedding raw data in mini-batch:  24%|██▍       | 81/336 [00:00<00:01, 199.43it/s]Embedding raw data in mini-batch:  30%|███       | 102/336 [00:00<00:01, 200.46it/s]Embedding raw data in mini-batch:  37%|███▋      | 123/336 [00:00<00:01, 195.37it/s]Embedding raw data in mini-batch:  43%|████▎     | 143/336 [00:00<00:00, 196.73it/s]Embedding raw data in mini-batch:  49%|████▊     | 163/336 [00:00<00:00, 197.72it/s]Embedding raw data in mini-batch:  55%|█████▍    | 184/336 [00:00<00:00, 199.01it/s]Embedding raw data in mini-batch:  61%|██████    | 205/336 [00:01<00:00, 199.69it/s]Embedding raw data in mini-batch:  67%|██████▋   | 225/336 [00:01<00:00, 195.07it/s]Embedding raw data in mini-batch:  73%|███████▎  | 245/336 [00:01<00:00, 195.43it/s]Embedding raw data in mini-batch:  79%|███████▉  | 265/336 [00:01<00:00, 196.64it/s]Embedding raw data in mini-batch:  85%|████████▍ | 285/336 [00:01<00:00, 194.68it/s]Embedding raw data in mini-batch:  91%|█████████ | 306/336 [00:01<00:00, 196.52it/s]Embedding raw data in mini-batch:  97%|█████████▋| 327/336 [00:01<00:00, 197.91it/s]Embedding raw data in mini-batch: 100%|██████████| 336/336 [00:01<00:00, 197.88it/s]
Embedding raw data in mini-batch:   0%|          | 0/336 [00:00<?, ?it/s]Embedding raw data in mini-batch:   7%|▋         | 23/336 [00:00<00:01, 226.34it/s]Embedding raw data in mini-batch:  14%|█▎        | 46/336 [00:00<00:01, 218.92it/s]Embedding raw data in mini-batch:  21%|██        | 69/336 [00:00<00:01, 223.22it/s]Embedding raw data in mini-batch:  27%|██▋       | 92/336 [00:00<00:01, 225.55it/s]Embedding raw data in mini-batch:  34%|███▍      | 115/336 [00:00<00:00, 226.43it/s]Embedding raw data in mini-batch:  41%|████      | 138/336 [00:00<00:00, 227.25it/s]Embedding raw data in mini-batch:  48%|████▊     | 161/336 [00:00<00:00, 226.66it/s]Embedding raw data in mini-batch:  55%|█████▍    | 184/336 [00:00<00:00, 227.57it/s]Embedding raw data in mini-batch:  62%|██████▏   | 207/336 [00:00<00:00, 227.88it/s]Embedding raw data in mini-batch:  68%|██████▊   | 230/336 [00:01<00:00, 228.29it/s]Embedding raw data in mini-batch:  76%|███████▌  | 254/336 [00:01<00:00, 228.90it/s]Embedding raw data in mini-batch:  82%|████████▏ | 277/336 [00:01<00:00, 223.67it/s]Embedding raw data in mini-batch:  89%|████████▉ | 300/336 [00:01<00:00, 224.48it/s]Embedding raw data in mini-batch:  96%|█████████▌| 323/336 [00:01<00:00, 225.71it/s]Embedding raw data in mini-batch: 100%|██████████| 336/336 [00:01<00:00, 226.58it/s]
Embedding raw data in mini-batch:   0%|          | 0/336 [00:00<?, ?it/s]Embedding raw data in mini-batch:   8%|▊         | 26/336 [00:00<00:01, 254.67it/s]Embedding raw data in mini-batch:  15%|█▌        | 52/336 [00:00<00:01, 250.04it/s]Embedding raw data in mini-batch:  23%|██▎       | 78/336 [00:00<00:01, 251.87it/s]Embedding raw data in mini-batch:  31%|███       | 104/336 [00:00<00:00, 252.49it/s]Embedding raw data in mini-batch:  39%|███▊      | 130/336 [00:00<00:00, 253.73it/s]Embedding raw data in mini-batch:  46%|████▋     | 156/336 [00:00<00:00, 254.16it/s]Embedding raw data in mini-batch:  54%|█████▍    | 182/336 [00:00<00:00, 250.33it/s]Embedding raw data in mini-batch:  62%|██████▏   | 208/336 [00:00<00:00, 251.51it/s]Embedding raw data in mini-batch:  70%|██████▉   | 234/336 [00:00<00:00, 252.45it/s]Embedding raw data in mini-batch:  77%|███████▋  | 260/336 [00:01<00:00, 252.99it/s]Embedding raw data in mini-batch:  85%|████████▌ | 286/336 [00:01<00:00, 253.64it/s]Embedding raw data in mini-batch:  93%|█████████▎| 312/336 [00:01<00:00, 248.55it/s]Embedding raw data in mini-batch: 100%|██████████| 336/336 [00:01<00:00, 251.67it/s]
Embedding raw data in mini-batch:   0%|          | 0/345 [00:00<?, ?it/s]Embedding raw data in mini-batch:   5%|▍         | 16/345 [00:00<00:02, 157.23it/s]Embedding raw data in mini-batch:  10%|▉         | 34/345 [00:00<00:01, 164.69it/s]Embedding raw data in mini-batch:  15%|█▍        | 51/345 [00:00<00:01, 166.75it/s]Embedding raw data in mini-batch:  20%|█▉        | 68/345 [00:00<00:01, 167.73it/s]Embedding raw data in mini-batch:  25%|██▍       | 85/345 [00:00<00:01, 166.48it/s]Embedding raw data in mini-batch:  30%|██▉       | 103/345 [00:00<00:01, 168.60it/s]Embedding raw data in mini-batch:  35%|███▌      | 121/345 [00:00<00:01, 170.83it/s]Embedding raw data in mini-batch:  40%|████      | 139/345 [00:00<00:01, 170.06it/s]Embedding raw data in mini-batch:  46%|████▌     | 157/345 [00:00<00:01, 170.57it/s]Embedding raw data in mini-batch:  51%|█████     | 175/345 [00:01<00:01, 169.87it/s]Embedding raw data in mini-batch:  56%|█████▌    | 192/345 [00:01<00:00, 166.23it/s]Embedding raw data in mini-batch:  61%|██████    | 210/345 [00:01<00:00, 167.88it/s]Embedding raw data in mini-batch:  66%|██████▌   | 227/345 [00:01<00:00, 168.42it/s]Embedding raw data in mini-batch:  71%|███████   | 244/345 [00:01<00:00, 168.57it/s]Embedding raw data in mini-batch:  76%|███████▌  | 262/345 [00:01<00:00, 169.88it/s]Embedding raw data in mini-batch:  81%|████████  | 280/345 [00:01<00:00, 171.19it/s]Embedding raw data in mini-batch:  86%|████████▋ | 298/345 [00:01<00:00, 167.87it/s]Embedding raw data in mini-batch:  91%|█████████▏| 315/345 [00:01<00:00, 167.11it/s]Embedding raw data in mini-batch:  96%|█████████▌| 332/345 [00:01<00:00, 167.90it/s]Embedding raw data in mini-batch: 100%|██████████| 345/345 [00:02<00:00, 168.58it/s]
Embedding raw data in mini-batch:   0%|          | 0/345 [00:00<?, ?it/s]Embedding raw data in mini-batch:   6%|▌         | 20/345 [00:00<00:01, 197.87it/s]Embedding raw data in mini-batch:  12%|█▏        | 40/345 [00:00<00:01, 198.86it/s]Embedding raw data in mini-batch:  17%|█▋        | 60/345 [00:00<00:01, 195.32it/s]Embedding raw data in mini-batch:  23%|██▎       | 81/345 [00:00<00:01, 197.31it/s]Embedding raw data in mini-batch:  30%|██▉       | 102/345 [00:00<00:01, 199.08it/s]Embedding raw data in mini-batch:  36%|███▌      | 123/345 [00:00<00:01, 199.88it/s]Embedding raw data in mini-batch:  42%|████▏     | 144/345 [00:00<00:01, 200.71it/s]Embedding raw data in mini-batch:  48%|████▊     | 165/345 [00:00<00:00, 200.17it/s]Embedding raw data in mini-batch:  54%|█████▍    | 186/345 [00:00<00:00, 196.62it/s]Embedding raw data in mini-batch:  60%|█████▉    | 206/345 [00:01<00:00, 196.43it/s]Embedding raw data in mini-batch:  66%|██████▌   | 227/345 [00:01<00:00, 198.23it/s]Embedding raw data in mini-batch:  72%|███████▏  | 248/345 [00:01<00:00, 199.44it/s]Embedding raw data in mini-batch:  78%|███████▊  | 269/345 [00:01<00:00, 200.66it/s]Embedding raw data in mini-batch:  84%|████████▍ | 290/345 [00:01<00:00, 201.28it/s]Embedding raw data in mini-batch:  90%|█████████ | 311/345 [00:01<00:00, 201.97it/s]Embedding raw data in mini-batch:  96%|█████████▌| 332/345 [00:01<00:00, 200.98it/s]Embedding raw data in mini-batch: 100%|██████████| 345/345 [00:01<00:00, 199.98it/s]
Embedding raw data in mini-batch:   0%|          | 0/345 [00:00<?, ?it/s]Embedding raw data in mini-batch:   7%|▋         | 23/345 [00:00<00:01, 226.08it/s]Embedding raw data in mini-batch:  14%|█▎        | 47/345 [00:00<00:01, 229.38it/s]Embedding raw data in mini-batch:  21%|██        | 71/345 [00:00<00:01, 229.87it/s]Embedding raw data in mini-batch:  28%|██▊       | 95/345 [00:00<00:01, 230.31it/s]Embedding raw data in mini-batch:  34%|███▍      | 119/345 [00:00<00:00, 230.01it/s]Embedding raw data in mini-batch:  41%|████▏     | 143/345 [00:00<00:00, 229.95it/s]Embedding raw data in mini-batch:  48%|████▊     | 166/345 [00:00<00:00, 224.11it/s]Embedding raw data in mini-batch:  55%|█████▍    | 189/345 [00:00<00:00, 225.61it/s]Embedding raw data in mini-batch:  61%|██████▏   | 212/345 [00:00<00:00, 226.03it/s]Embedding raw data in mini-batch:  68%|██████▊   | 235/345 [00:01<00:00, 226.86it/s]Embedding raw data in mini-batch:  75%|███████▍  | 258/345 [00:01<00:00, 227.39it/s]Embedding raw data in mini-batch:  82%|████████▏ | 282/345 [00:01<00:00, 228.38it/s]Embedding raw data in mini-batch:  88%|████████▊ | 305/345 [00:01<00:00, 228.01it/s]Embedding raw data in mini-batch:  95%|█████████▌| 328/345 [00:01<00:00, 228.54it/s]Embedding raw data in mini-batch: 100%|██████████| 345/345 [00:01<00:00, 227.74it/s]
Embedding raw data in mini-batch:   0%|          | 0/345 [00:00<?, ?it/s]Embedding raw data in mini-batch:   8%|▊         | 26/345 [00:00<00:01, 254.28it/s]Embedding raw data in mini-batch:  15%|█▌        | 52/345 [00:00<00:01, 255.21it/s]Embedding raw data in mini-batch:  23%|██▎       | 78/345 [00:00<00:01, 255.65it/s]Embedding raw data in mini-batch:  30%|███       | 104/345 [00:00<00:00, 255.51it/s]Embedding raw data in mini-batch:  38%|███▊      | 130/345 [00:00<00:00, 255.79it/s]Embedding raw data in mini-batch:  45%|████▌     | 156/345 [00:00<00:00, 255.44it/s]Embedding raw data in mini-batch:  53%|█████▎    | 182/345 [00:00<00:00, 251.78it/s]Embedding raw data in mini-batch:  60%|██████    | 208/345 [00:00<00:00, 252.91it/s]Embedding raw data in mini-batch:  68%|██████▊   | 234/345 [00:00<00:00, 254.00it/s]Embedding raw data in mini-batch:  75%|███████▌  | 260/345 [00:01<00:00, 254.42it/s]Embedding raw data in mini-batch:  83%|████████▎ | 286/345 [00:01<00:00, 254.79it/s]Embedding raw data in mini-batch:  90%|█████████ | 312/345 [00:01<00:00, 254.74it/s]Embedding raw data in mini-batch:  98%|█████████▊| 338/345 [00:01<00:00, 255.25it/s]Embedding raw data in mini-batch: 100%|██████████| 345/345 [00:01<00:00, 255.08it/s]
[I 2025-06-28 21:09:40,841] A new study created in memory with name: no-name-c63e8cc6-023a-4fb1-9d48-e2ff30ade597
[I 2025-06-28 21:10:47,972] Trial 0 finished with value: 0.6257462265669298 and parameters: {'max_depth': 6, 'learning_rate': 0.0013750879997929072, 'num_leaves': 565, 'subsample': 0.3923077516296618, 'colsample_bytree': 0.5589671472444704, 'lambda_l1': 5.092302374102912e-07, 'lambda_l2': 3.746510787575258e-08, 'min_data_in_leaf': 11}. Best is trial 0 with value: 0.6257462265669298.
[I 2025-06-28 21:12:12,195] Trial 1 finished with value: 0.651368221306311 and parameters: {'max_depth': 11, 'learning_rate': 0.015019415586463766, 'num_leaves': 767, 'subsample': 0.9539496418279997, 'colsample_bytree': 0.793914015548913, 'lambda_l1': 5.84989506878006e-07, 'lambda_l2': 0.44444537629654085, 'min_data_in_leaf': 48}. Best is trial 1 with value: 0.651368221306311.
[I 2025-06-28 21:12:39,700] Trial 2 finished with value: 0.6429969943149307 and parameters: {'max_depth': 8, 'learning_rate': 0.0324649250297178, 'num_leaves': 263, 'subsample': 0.43168639096314015, 'colsample_bytree': 0.45712511779462006, 'lambda_l1': 0.9748540844584151, 'lambda_l2': 0.06612865235870072, 'min_data_in_leaf': 77}. Best is trial 1 with value: 0.651368221306311.
[I 2025-06-28 21:13:06,124] Trial 3 finished with value: 0.6436118569215137 and parameters: {'max_depth': 5, 'learning_rate': 0.03201706342771303, 'num_leaves': 561, 'subsample': 0.5254113123133983, 'colsample_bytree': 0.8398299291002357, 'lambda_l1': 0.037300735345775694, 'lambda_l2': 0.00045690758454405535, 'min_data_in_leaf': 54}. Best is trial 1 with value: 0.651368221306311.
[I 2025-06-28 21:13:24,443] Trial 4 finished with value: 0.6181898497561159 and parameters: {'max_depth': 3, 'learning_rate': 0.0036101722849905555, 'num_leaves': 955, 'subsample': 0.4746013479418206, 'colsample_bytree': 0.39606073894816035, 'lambda_l1': 5.4963015369364845, 'lambda_l2': 8.74743558216763e-08, 'min_data_in_leaf': 46}. Best is trial 1 with value: 0.651368221306311.
[I 2025-06-28 21:14:08,751] Trial 5 finished with value: 0.639095608423316 and parameters: {'max_depth': 3, 'learning_rate': 0.019319785426858038, 'num_leaves': 575, 'subsample': 0.8342676711062527, 'colsample_bytree': 0.8222860829736096, 'lambda_l1': 0.050266667216231166, 'lambda_l2': 5.6318751830886084e-08, 'min_data_in_leaf': 78}. Best is trial 1 with value: 0.651368221306311.
[I 2025-06-28 21:15:37,256] Trial 6 finished with value: 0.6397232206976131 and parameters: {'max_depth': 11, 'learning_rate': 0.00168178193483631, 'num_leaves': 102, 'subsample': 0.7836005147881697, 'colsample_bytree': 0.7972873342484113, 'lambda_l1': 1.2113235395053465, 'lambda_l2': 1.2346370652989175e-09, 'min_data_in_leaf': 17}. Best is trial 1 with value: 0.651368221306311.
[I 2025-06-28 21:17:24,735] Trial 7 finished with value: 0.6383044156004487 and parameters: {'max_depth': 3, 'learning_rate': 0.003595943318310627, 'num_leaves': 175, 'subsample': 0.7236484454154969, 'colsample_bytree': 0.3668074993129869, 'lambda_l1': 3.003704636288177e-08, 'lambda_l2': 0.0006980603827750461, 'min_data_in_leaf': 81}. Best is trial 1 with value: 0.651368221306311.
[I 2025-06-28 21:17:54,976] Trial 8 finished with value: 0.6426646726971874 and parameters: {'max_depth': 8, 'learning_rate': 0.06637265716630712, 'num_leaves': 759, 'subsample': 0.8375380006333822, 'colsample_bytree': 0.7076736408711449, 'lambda_l1': 0.0005945054345620997, 'lambda_l2': 6.897731312306524e-07, 'min_data_in_leaf': 65}. Best is trial 1 with value: 0.651368221306311.
[I 2025-06-28 21:18:03,805] Trial 9 finished with value: 0.6155456273370216 and parameters: {'max_depth': 3, 'learning_rate': 0.0038477276597439435, 'num_leaves': 102, 'subsample': 0.8355434017276611, 'colsample_bytree': 0.3201322494854779, 'lambda_l1': 4.993713643156966e-05, 'lambda_l2': 0.000650476516685274, 'min_data_in_leaf': 96}. Best is trial 1 with value: 0.651368221306311.
[2000]	valid_0's auc: 0.638303
Train: {'average_precision': 0.5754259483232959, 'accuracy': 0.95214, 'f1': 0.04164997997597117, 'roc_auc': 0.8860442767915484}
Val: {'average_precision': 0.0825070491688138, 'accuracy': 0.9720170553833967, 'f1': 0.012335526315789474, 'roc_auc': 0.651368221306311}
Test: {'average_precision': 0.0775961592876491, 'accuracy': 0.9726788976252879, 'f1': 0.009868421052631578, 'roc_auc': 0.6395937591833416}
